<?xml version="1.0" encoding="UTF-8"?>
<!-- Generated by org.testng.reporters.JUnitXMLReporter -->
<testsuite ignored="0" hostname="DESKTOP-QOQL0HO" failures="0" tests="4" name="Default test" time="0.907" errors="0" timestamp="2024-05-20T10:18:13 IST">
  <testcase classname="excel.ExcelDriver" name="excelData" time="0.008"/>
  <testcase classname="excel.ExcelDriver" name="excelData" time="0.006"/>
  <testcase classname="excel.ExcelDriver" name="excelData" time="0.001"/>
  <testcase classname="excel.ExcelDriver" name="excelData" time="0.005"/>
</testsuite> <!-- Default test -->
